<?xml version="1.0" encoding="UTF-8"?>
<testng-results skipped="0" failed="1" ignored="0" total="2" passed="1">
  <reporter-output>
  </reporter-output>
  <suite name="Default suite" duration-ms="223" started-at="2021-04-26T09:00:31 IST" finished-at="2021-04-26T09:00:31 IST">
    <groups>
    </groups>
    <test name="Default test" duration-ms="223" started-at="2021-04-26T09:00:31 IST" finished-at="2021-04-26T09:00:31 IST">
      <class name="TestNgNew.TestNgPractice">
        <test-method status="PASS" signature="beforeSuite()[pri:0, instance:TestNgNew.TestNgPractice@776b83cc]" name="beforeSuite" is-config="true" duration-ms="36" started-at="2021-04-26T09:00:31 IST" finished-at="2021-04-26T09:00:31 IST">
          <reporter-output>
          </reporter-output>
        </test-method> <!-- beforeSuite -->
        <test-method status="PASS" signature="beforeMethod()[pri:0, instance:TestNgNew.TestNgPractice@776b83cc]" name="beforeMethod" is-config="true" duration-ms="1" started-at="2021-04-26T09:00:31 IST" finished-at="2021-04-26T09:00:31 IST">
          <reporter-output>
          </reporter-output>
        </test-method> <!-- beforeMethod -->
        <test-method status="PASS" signature="Test1()[pri:0, instance:TestNgNew.TestNgPractice@776b83cc]" name="Test1" duration-ms="61" started-at="2021-04-26T09:00:31 IST" finished-at="2021-04-26T09:00:31 IST">
          <reporter-output>
          </reporter-output>
        </test-method> <!-- Test1 -->
        <test-method status="PASS" signature="afterMethod()[pri:0, instance:TestNgNew.TestNgPractice@776b83cc]" name="afterMethod" is-config="true" duration-ms="1" started-at="2021-04-26T09:00:31 IST" finished-at="2021-04-26T09:00:31 IST">
          <reporter-output>
          </reporter-output>
        </test-method> <!-- afterMethod -->
        <test-method status="FAIL" signature="Test2(java.lang.String, java.lang.String, java.lang.String, int)[pri:0, instance:TestNgNew.TestNgPractice@776b83cc]" name="Test2" duration-ms="0" started-at="2021-04-26T09:00:31 IST" finished-at="2021-04-26T09:00:31 IST">
          <exception class="org.testng.TestNGException">
            <message>
              <![CDATA[
Parameter 'userName' is required by @Test on method Test2 but has not been marked @Optional or defined
in C:\Users\HP\AppData\Local\Temp\testng-eclipse--1121398874\testng-customsuite.xml]]>
            </message>
            <full-stacktrace>
              <![CDATA[org.testng.TestNGException: 
Parameter 'userName' is required by @Test on method Test2 but has not been marked @Optional or defined
in C:\Users\HP\AppData\Local\Temp\testng-eclipse--1121398874\testng-customsuite.xml
at org.testng.internal.Parameters.createParams(Parameters.java:268)
at org.testng.internal.Parameters.createParametersForMethod(Parameters.java:356)
at org.testng.internal.Parameters.createParameters(Parameters.java:700)
at org.testng.internal.Parameters.handleParameters(Parameters.java:875)
at org.testng.internal.Parameters.handleParameters(Parameters.java:740)
at org.testng.internal.ParameterHandler.handleParameters(ParameterHandler.java:59)
at org.testng.internal.ParameterHandler.createParameters(ParameterHandler.java:38)
at org.testng.internal.TestInvoker$MethodInvocationAgent.invoke(TestInvoker.java:788)
at org.testng.internal.TestInvoker.invokeTestMethods(TestInvoker.java:147)
at org.testng.internal.TestMethodWorker.invokeTestMethods(TestMethodWorker.java:146)
at org.testng.internal.TestMethodWorker.run(TestMethodWorker.java:128)
at java.util.ArrayList.forEach(Unknown Source)
at org.testng.TestRunner.privateRun(TestRunner.java:767)
at org.testng.TestRunner.run(TestRunner.java:588)
at org.testng.SuiteRunner.runTest(SuiteRunner.java:384)
at org.testng.SuiteRunner.runSequentially(SuiteRunner.java:378)
at org.testng.SuiteRunner.privateRun(SuiteRunner.java:337)
at org.testng.SuiteRunner.run(SuiteRunner.java:286)
at org.testng.SuiteRunnerWorker.runSuite(SuiteRunnerWorker.java:53)
at org.testng.SuiteRunnerWorker.run(SuiteRunnerWorker.java:96)
at org.testng.TestNG.runSuitesSequentially(TestNG.java:1214)
at org.testng.TestNG.runSuitesLocally(TestNG.java:1136)
at org.testng.TestNG.runSuites(TestNG.java:1066)
at org.testng.TestNG.run(TestNG.java:1034)
at org.testng.remote.AbstractRemoteTestNG.run(AbstractRemoteTestNG.java:115)
at org.testng.remote.RemoteTestNG.initAndRun(RemoteTestNG.java:251)
at org.testng.remote.RemoteTestNG.main(RemoteTestNG.java:77)
]]>
            </full-stacktrace>
          </exception> <!-- org.testng.TestNGException -->
          <reporter-output>
          </reporter-output>
        </test-method> <!-- Test2 -->
        <test-method status="PASS" signature="afterSuite()[pri:0, instance:TestNgNew.TestNgPractice@776b83cc]" name="afterSuite" is-config="true" duration-ms="2" started-at="2021-04-26T09:00:32 IST" finished-at="2021-04-26T09:00:32 IST">
          <reporter-output>
          </reporter-output>
        </test-method> <!-- afterSuite -->
      </class> <!-- TestNgNew.TestNgPractice -->
    </test> <!-- Default test -->
  </suite> <!-- Default suite -->
</testng-results>
