<?xml version="1.0" encoding="UTF-8"?>
<!-- Generated by org.testng.reporters.JUnitXMLReporter -->
<testsuite hostname="NISHANT" ignored="3" tests="0" failures="0" timestamp="2021-04-25T13:05:18 IST" time="0.051" errors="0">
  <testcase name="m1" time="0.0" classname="TestNgNew.TestNgGroups">
    <ignored/>
  </testcase> <!-- m1 -->
  <testcase name="m2" time="0.0" classname="TestNgNew.TestNgGroups">
    <ignored/>
  </testcase> <!-- m2 -->
  <testcase name="m3" time="0.0" classname="TestNgNew.TestNgGroups">
    <ignored/>
  </testcase> <!-- m3 -->
</testsuite>
