<?xml version="1.0" encoding="UTF-8"?>
<!-- Generated by org.testng.reporters.JUnitXMLReporter -->
<testsuite hostname="NISHANT" ignored="4" tests="0" failures="0" timestamp="2021-04-23T12:30:25 IST" time="0.056" errors="0">
  <testcase name="m3" time="0.0" classname="TestNgNew.NewTest">
    <ignored/>
  </testcase> <!-- m3 -->
  <testcase name="m6" time="0.0" classname="TestNgNew.NewTest">
    <ignored/>
  </testcase> <!-- m6 -->
  <testcase name="m5" time="0.0" classname="TestNgNew.NewTest">
    <ignored/>
  </testcase> <!-- m5 -->
  <testcase name="m4" time="0.0" classname="TestNgNew.NewTest">
    <ignored/>
  </testcase> <!-- m4 -->
</testsuite>
